<?xml version="1.0" encoding="UTF-8"?>
<!-- Generated by org.testng.reporters.JUnitReportReporter -->
<testsuite hostname="EPBYMINW4401" name="WizzAirAutomationFramework" tests="1" failures="0" timestamp="3 Mar 2017 13:49:21 GMT" time="24.148" errors="0">
  <testcase name="flitsSum" time="24.148" classname="WizzAirAutomationFramework"/>
</testsuite> <!-- WizzAirAutomationFramework -->
